[2025-01-05 15:58:57,188: INFO: 2764331985: data file already exists]
[2025-01-05 15:59:45,961: INFO: 2764331985: {self.config.loacal_save} is craeted]
[2025-01-05 16:01:59,387: INFO: common: yaml file: config\config.yaml loaded successfully]
[2025-01-05 16:01:59,389: INFO: common: created directory at: artifacts]
[2025-01-05 16:01:59,391: INFO: common: created directory at: artifacts/data_ingestion]
[2025-01-05 16:01:59,726: INFO: 2764331985: {self.config.loacal_save} is craeted]
[2025-01-05 16:46:06,201: INFO: common: yaml file: config\config.yaml loaded successfully]
[2025-01-05 16:46:06,218: INFO: common: yaml file: schema.yaml loaded successfully]
[2025-01-05 16:46:34,208: INFO: common: yaml file: config\config.yaml loaded successfully]
[2025-01-05 16:46:34,222: INFO: common: yaml file: schema.yaml loaded successfully]
[2025-01-05 16:46:34,224: INFO: common: created directory at: artifacts]
[2025-01-05 16:46:34,224: INFO: common: created directory at: artifacts/data_validation]
[2025-01-05 16:46:51,694: INFO: common: yaml file: config\config.yaml loaded successfully]
[2025-01-05 16:46:51,698: INFO: common: yaml file: schema.yaml loaded successfully]
[2025-01-05 16:46:51,698: INFO: common: created directory at: artifacts]
[2025-01-05 16:46:51,702: INFO: common: created directory at: artifacts/data_validation]
[2025-01-05 17:05:05,439: INFO: common: yaml file: config\config.yaml loaded successfully]
[2025-01-05 17:05:05,443: INFO: common: created directory at: artifacts]
[2025-01-05 17:05:05,448: INFO: common: created directory at: artifacts/data_ingestion]
[2025-01-05 17:05:05,450: INFO: 4212029908: data file already exists]
[2025-01-05 17:32:11,254: INFO: common: yaml file: config\config.yaml loaded successfully]
[2025-01-05 17:32:11,257: INFO: common: created directory at: artifacts]
[2025-01-05 17:32:11,259: INFO: common: created directory at: artifacts/data_ingestion]
[2025-01-05 17:32:11,260: INFO: 2153689916: data file already exists]
[2025-01-05 17:33:07,327: INFO: common: yaml file: config\config.yaml loaded successfully]
[2025-01-05 17:33:07,327: INFO: common: created directory at: artifacts]
[2025-01-05 17:33:07,330: INFO: common: created directory at: artifacts/data_ingestion]
[2025-01-05 17:33:07,330: INFO: 436225136: data file already exists]
[2025-01-05 17:33:07,556: INFO: 436225136: Splited data into training and test sets]
[2025-01-05 17:33:07,556: INFO: 436225136: (15480, 10)]
[2025-01-05 17:33:07,556: INFO: 436225136: (5160, 10)]
[2025-01-05 17:33:42,287: INFO: common: yaml file: config\config.yaml loaded successfully]
[2025-01-05 17:33:42,299: INFO: common: created directory at: artifacts]
[2025-01-05 17:33:42,302: INFO: common: created directory at: artifacts/data_transformation]
[2025-01-05 17:33:42,344: INFO: 979195368: Loaded train and test data]
[2025-01-05 17:33:42,386: INFO: 979195368: Split data into features and target]
[2025-01-05 17:33:42,448: INFO: 979195368: Transformed training and test data]
[2025-01-05 17:33:42,457: INFO: 979195368: Saved preprocessor and transformed data]
[2025-01-05 17:43:24,678: INFO: common: yaml file: config\config.yaml loaded successfully]
[2025-01-05 17:43:24,678: INFO: common: created directory at: artifacts]
[2025-01-05 17:43:24,678: INFO: common: created directory at: artifacts/model_trainer]
[2025-01-05 17:43:24,690: INFO: 1876724836: Loaded training and test data]
[2025-01-05 17:43:24,692: INFO: 1876724836: 
Training LinearRegression...]
[2025-01-05 17:43:24,694: INFO: 1876724836: Starting grid search for LinearRegression]
[2025-01-05 17:43:27,270: INFO: 1876724836: Best parameters for LinearRegression: {'fit_intercept': True}]
[2025-01-05 17:43:27,275: INFO: 1876724836: Best score for LinearRegression: 4772143558.828055]
[2025-01-05 17:43:27,279: INFO: 1876724836: Saved LinearRegression model to artifacts/models\20250105_1743\LinearRegression.pkl]
[2025-01-05 17:43:27,282: INFO: 1876724836: 
Training Lasso...]
[2025-01-05 17:43:27,282: INFO: 1876724836: Starting grid search for Lasso]
[2025-01-05 17:43:31,120: INFO: 1876724836: Best parameters for Lasso: {'alpha': 0.001, 'max_iter': 1000, 'random_state': 42, 'selection': 'random'}]
[2025-01-05 17:43:31,120: INFO: 1876724836: Best score for Lasso: 4772143776.980401]
[2025-01-05 17:43:31,128: INFO: 1876724836: Saved Lasso model to artifacts/models\20250105_1743\Lasso.pkl]
[2025-01-05 17:43:31,129: INFO: 1876724836: 
Training Ridge...]
[2025-01-05 17:43:31,129: INFO: 1876724836: Starting grid search for Ridge]
[2025-01-05 17:43:31,367: INFO: 1876724836: Best parameters for Ridge: {'alpha': 10.0, 'max_iter': 1000, 'random_state': 42, 'solver': 'auto'}]
[2025-01-05 17:43:31,367: INFO: 1876724836: Best score for Ridge: 4769867156.059416]
[2025-01-05 17:43:31,376: INFO: 1876724836: Saved Ridge model to artifacts/models\20250105_1743\Ridge.pkl]
[2025-01-05 17:43:31,377: INFO: 1876724836: 
Training SVR...]
[2025-01-05 17:43:31,379: INFO: 1876724836: Starting grid search for SVR]
[2025-01-05 17:44:33,238: INFO: common: yaml file: config\config.yaml loaded successfully]
[2025-01-05 17:44:33,242: INFO: common: created directory at: artifacts]
[2025-01-05 17:44:33,242: INFO: common: created directory at: artifacts/model_trainer]
[2025-01-05 17:44:33,242: INFO: 1876724836: Loaded training and test data]
[2025-01-05 17:44:33,242: INFO: 1876724836: 
Training LinearRegression...]
[2025-01-05 17:44:33,250: INFO: 1876724836: Starting grid search for LinearRegression]
[2025-01-05 17:44:35,935: INFO: 1876724836: Best parameters for LinearRegression: {'fit_intercept': True}]
[2025-01-05 17:44:35,940: INFO: 1876724836: Best score for LinearRegression: 4772143558.828055]
[2025-01-05 17:44:35,944: INFO: 1876724836: Saved LinearRegression model to artifacts/model_trainer/models\20250105_1744\LinearRegression.pkl]
[2025-01-05 17:44:35,947: INFO: 1876724836: 
Training Lasso...]
[2025-01-05 17:44:35,947: INFO: 1876724836: Starting grid search for Lasso]
[2025-01-05 17:44:39,883: INFO: 1876724836: Best parameters for Lasso: {'alpha': 0.001, 'max_iter': 1000, 'random_state': 42, 'selection': 'random'}]
[2025-01-05 17:44:39,883: INFO: 1876724836: Best score for Lasso: 4772143776.980401]
[2025-01-05 17:44:39,883: INFO: 1876724836: Saved Lasso model to artifacts/model_trainer/models\20250105_1744\Lasso.pkl]
[2025-01-05 17:44:39,883: INFO: 1876724836: 
Training Ridge...]
[2025-01-05 17:44:39,887: INFO: 1876724836: Starting grid search for Ridge]
[2025-01-05 17:44:40,089: INFO: 1876724836: Best parameters for Ridge: {'alpha': 10.0, 'max_iter': 1000, 'random_state': 42, 'solver': 'auto'}]
[2025-01-05 17:44:40,089: INFO: 1876724836: Best score for Ridge: 4769867156.059416]
[2025-01-05 17:44:40,089: INFO: 1876724836: Saved Ridge model to artifacts/model_trainer/models\20250105_1744\Ridge.pkl]
[2025-01-05 17:44:40,098: INFO: 1876724836: 
Training SVR...]
[2025-01-05 17:44:40,098: INFO: 1876724836: Starting grid search for SVR]
[2025-01-05 17:46:48,607: INFO: 1876724836: Best parameters for SVR: {'C': 10.0, 'epsilon': 0.2, 'gamma': 'scale', 'kernel': 'linear'}]
[2025-01-05 17:46:48,611: INFO: 1876724836: Best score for SVR: 8628995337.11469]
[2025-01-05 17:46:48,611: INFO: 1876724836: Saved SVR model to artifacts/model_trainer/models\20250105_1744\SVR.pkl]
[2025-01-05 17:46:48,619: INFO: 1876724836: Model training completed. Models and results saved in: artifacts/model_trainer/models\20250105_1744]
[2025-01-05 17:49:36,190: INFO: common: yaml file: config\config.yaml loaded successfully]
[2025-01-05 17:49:36,193: INFO: common: created directory at: artifacts]
[2025-01-05 17:49:36,193: INFO: common: created directory at: artifacts/model_trainer]
[2025-01-05 17:49:36,203: INFO: 221957399: Loaded training and test data]
[2025-01-05 17:49:36,203: INFO: 221957399: 
Training LinearRegression...]
[2025-01-05 17:49:36,203: INFO: 221957399: Starting grid search for LinearRegression]
[2025-01-05 17:49:36,391: INFO: 221957399: Best parameters for LinearRegression: {'fit_intercept': True}]
[2025-01-05 17:49:36,397: INFO: 221957399: Best score for LinearRegression: 4772143558.828055]
[2025-01-05 17:49:36,402: INFO: 221957399: Saved LinearRegression model to artifacts/model_trainer/models\20250105_1749\LinearRegression.pkl]
[2025-01-05 17:49:36,403: INFO: 221957399: 
Training Lasso...]
[2025-01-05 17:49:36,403: INFO: 221957399: Starting grid search for Lasso]
[2025-01-05 17:49:38,597: INFO: 221957399: Best parameters for Lasso: {'alpha': 0.001, 'max_iter': 1000, 'random_state': 42, 'selection': 'random'}]
[2025-01-05 17:49:38,597: INFO: 221957399: Best score for Lasso: 4772143776.980401]
[2025-01-05 17:49:38,597: INFO: 221957399: Saved Lasso model to artifacts/model_trainer/models\20250105_1749\Lasso.pkl]
[2025-01-05 17:49:38,597: INFO: 221957399: 
Training Ridge...]
[2025-01-05 17:49:38,597: INFO: 221957399: Starting grid search for Ridge]
[2025-01-05 17:49:38,811: INFO: 221957399: Best parameters for Ridge: {'alpha': 10.0, 'max_iter': 1000, 'random_state': 42, 'solver': 'auto'}]
[2025-01-05 17:49:38,819: INFO: 221957399: Best score for Ridge: 4769867156.059416]
[2025-01-05 17:49:38,822: INFO: 221957399: Saved Ridge model to artifacts/model_trainer/models\20250105_1749\Ridge.pkl]
[2025-01-05 17:49:38,824: INFO: 221957399: 
Training SVR...]
[2025-01-05 17:49:38,825: INFO: 221957399: Starting grid search for SVR]
[2025-01-05 17:52:07,211: INFO: 221957399: Best parameters for SVR: {'C': 10.0, 'epsilon': 0.2, 'gamma': 'scale', 'kernel': 'linear'}]
[2025-01-05 17:52:07,211: INFO: 221957399: Best score for SVR: 8628995337.11469]
[2025-01-05 17:52:07,229: INFO: 221957399: Saved SVR model to artifacts/model_trainer/models\20250105_1749\SVR.pkl]
[2025-01-05 17:52:07,229: ERROR: 221957399: Error in model training: write() argument must be str, not bytes]
[2025-01-05 17:55:30,399: INFO: common: yaml file: config\config.yaml loaded successfully]
[2025-01-05 17:55:30,402: INFO: common: created directory at: artifacts]
[2025-01-05 17:55:30,402: INFO: common: created directory at: artifacts/model_trainer]
[2025-01-05 17:55:30,409: INFO: 2032119680: Loaded training and test data]
[2025-01-05 17:55:30,410: INFO: 2032119680: 
Training LinearRegression...]
[2025-01-05 17:55:30,412: INFO: 2032119680: Starting grid search for LinearRegression]
[2025-01-05 17:55:30,569: INFO: 2032119680: Best parameters for LinearRegression: {'fit_intercept': True}]
[2025-01-05 17:55:30,570: INFO: 2032119680: Best score for LinearRegression: 4772143558.828055]
[2025-01-05 17:55:30,572: INFO: 2032119680: Saved LinearRegression model to artifacts/model_trainer/models\20250105_1755\LinearRegression.pkl]
[2025-01-05 17:55:30,572: INFO: 2032119680: 
Training Lasso...]
[2025-01-05 17:55:30,572: INFO: 2032119680: Starting grid search for Lasso]
[2025-01-05 17:55:32,905: INFO: 2032119680: Best parameters for Lasso: {'alpha': 0.001, 'max_iter': 1000, 'random_state': 42, 'selection': 'random'}]
[2025-01-05 17:55:32,907: INFO: 2032119680: Best score for Lasso: 4772143776.980401]
[2025-01-05 17:55:32,911: INFO: 2032119680: Saved Lasso model to artifacts/model_trainer/models\20250105_1755\Lasso.pkl]
[2025-01-05 17:55:32,914: INFO: 2032119680: 
Training Ridge...]
[2025-01-05 17:55:32,914: INFO: 2032119680: Starting grid search for Ridge]
[2025-01-05 17:55:33,020: INFO: 2032119680: Best parameters for Ridge: {'alpha': 10.0, 'max_iter': 1000, 'random_state': 42, 'solver': 'auto'}]
[2025-01-05 17:55:33,021: INFO: 2032119680: Best score for Ridge: 4769867156.059416]
[2025-01-05 17:55:33,021: INFO: 2032119680: Saved Ridge model to artifacts/model_trainer/models\20250105_1755\Ridge.pkl]
[2025-01-05 17:55:33,025: INFO: 2032119680: 
Training SVR...]
[2025-01-05 17:55:33,025: INFO: 2032119680: Starting grid search for SVR]
[2025-01-05 17:57:37,455: INFO: 2032119680: Best parameters for SVR: {'C': 10.0, 'epsilon': 0.2, 'gamma': 'scale', 'kernel': 'linear'}]
[2025-01-05 17:57:37,457: INFO: 2032119680: Best score for SVR: 8628995337.11469]
[2025-01-05 17:57:37,461: INFO: 2032119680: Saved SVR model to artifacts/model_trainer/models\20250105_1755\SVR.pkl]
[2025-01-05 17:57:37,464: INFO: 2032119680: Best performing model: Ridge]
[2025-01-05 17:57:37,466: INFO: 2032119680: Saved best model to: artifacts/model_trainer/models\20250105_1755\best_model.pkl]
[2025-01-05 17:57:37,469: INFO: 2032119680: Model training completed. All artifacts saved in: artifacts/model_trainer/models\20250105_1755]
[2025-01-05 18:30:10,313: INFO: _client: HTTP Request: GET https://dagshub.com/api/v1/user "HTTP/1.1 200 OK"]
[2025-01-05 18:30:10,316: INFO: helpers: Accessing as Syam916]
[2025-01-05 18:30:10,673: INFO: _client: HTTP Request: GET https://dagshub.com/api/v1/repos/Syam916/mlops "HTTP/1.1 200 OK"]
[2025-01-05 18:30:11,007: INFO: _client: HTTP Request: GET https://dagshub.com/api/v1/user "HTTP/1.1 200 OK"]
[2025-01-05 18:30:11,007: INFO: helpers: Initialized MLflow to track repo "Syam916/mlops"]
[2025-01-05 18:30:11,007: INFO: helpers: Repository Syam916/mlops initialized!]
[2025-01-05 18:30:11,029: INFO: common: yaml file: config\config.yaml loaded successfully]
[2025-01-05 18:30:11,031: INFO: common: created directory at: artifacts]
[2025-01-05 18:30:11,033: INFO: common: created directory at: artifacts/model_evaluation]
[2025-01-05 18:30:11,034: ERROR: 2267116159: Error in model evaluation: [Errno 2] No such file or directory: 'artifacts/data_transformation/transformed_test.npy']
[2025-01-05 18:31:45,126: INFO: _client: HTTP Request: GET https://dagshub.com/api/v1/repos/Syam916/mlops "HTTP/1.1 200 OK"]
[2025-01-05 18:31:45,126: INFO: helpers: Initialized MLflow to track repo "Syam916/mlops"]
[2025-01-05 18:31:45,126: INFO: helpers: Repository Syam916/mlops initialized!]
[2025-01-05 18:31:45,160: INFO: common: yaml file: config\config.yaml loaded successfully]
[2025-01-05 18:31:45,160: INFO: common: created directory at: artifacts]
[2025-01-05 18:31:45,160: INFO: common: created directory at: artifacts/model_evaluation]
[2025-01-05 18:32:00,140: INFO: 2267116159: Model evaluation completed and metrics logged to MLflow]
[2025-01-05 18:32:00,142: INFO: 2267116159: Evaluation results saved locally]
[2025-01-05 19:18:29,584: INFO: _client: HTTP Request: GET https://dagshub.com/api/v1/repos/Syam916/mlops "HTTP/1.1 200 OK"]
[2025-01-05 19:18:29,584: INFO: helpers: Initialized MLflow to track repo "Syam916/mlops"]
[2025-01-05 19:18:29,601: INFO: helpers: Repository Syam916/mlops initialized!]
[2025-01-05 19:18:29,618: INFO: common: yaml file: config\config.yaml loaded successfully]
[2025-01-05 19:18:29,621: INFO: common: created directory at: artifacts]
[2025-01-05 19:18:29,623: INFO: common: created directory at: artifacts/model_evaluation]
[2025-01-05 19:18:41,194: INFO: 3009862698: Model evaluation completed and metrics logged to MLflow]
[2025-01-05 19:18:41,894: ERROR: 3009862698: Error in model evaluation: write() argument must be str, not dict]
[2025-01-05 19:19:03,855: INFO: _client: HTTP Request: GET https://dagshub.com/api/v1/repos/Syam916/mlops "HTTP/1.1 200 OK"]
[2025-01-05 19:19:03,871: INFO: helpers: Initialized MLflow to track repo "Syam916/mlops"]
[2025-01-05 19:19:03,875: INFO: helpers: Repository Syam916/mlops initialized!]
[2025-01-05 19:19:03,913: INFO: common: yaml file: config\config.yaml loaded successfully]
[2025-01-05 19:19:03,918: INFO: common: created directory at: artifacts]
[2025-01-05 19:19:03,920: INFO: common: created directory at: artifacts/model_evaluation]
[2025-01-05 19:19:14,378: INFO: 3009862698: Model evaluation completed and metrics logged to MLflow]
[2025-01-05 19:19:15,113: ERROR: 3009862698: Error in model evaluation: write() argument must be str, not dict]
[2025-01-05 19:20:50,117: INFO: _client: HTTP Request: GET https://dagshub.com/api/v1/repos/Syam916/mlops "HTTP/1.1 200 OK"]
[2025-01-05 19:20:50,125: INFO: helpers: Initialized MLflow to track repo "Syam916/mlops"]
[2025-01-05 19:20:50,128: INFO: helpers: Repository Syam916/mlops initialized!]
[2025-01-05 19:20:50,159: INFO: common: yaml file: config\config.yaml loaded successfully]
[2025-01-05 19:20:50,163: INFO: common: created directory at: artifacts]
[2025-01-05 19:20:50,166: INFO: common: created directory at: artifacts/model_evaluation]
[2025-01-05 19:21:00,195: INFO: 4189970535: Model evaluation completed and metrics logged to MLflow]
[2025-01-05 19:21:00,198: INFO: 4189970535: Evaluation results saved locally]
[2025-01-05 20:10:26,866: INFO: common: yaml file: config\config.yaml loaded successfully]
[2025-01-05 20:10:26,866: INFO: common: created directory at: artifacts]
[2025-01-05 20:10:26,866: INFO: common: created directory at: artifacts/data_ingestion]
[2025-01-05 20:10:27,517: INFO: data_ingestion: {self.config.loacal_save} is craeted]
[2025-01-05 20:12:33,862: INFO: _client: HTTP Request: GET https://dagshub.com/api/v1/user "HTTP/1.1 200 OK"]
[2025-01-05 20:12:33,870: INFO: helpers: Accessing as Syam916]
[2025-01-05 20:12:34,237: INFO: _client: HTTP Request: GET https://dagshub.com/api/v1/repos/Syam916/mlops "HTTP/1.1 200 OK"]
[2025-01-05 20:12:34,592: INFO: _client: HTTP Request: GET https://dagshub.com/api/v1/user "HTTP/1.1 200 OK"]
[2025-01-05 20:12:34,601: INFO: helpers: Initialized MLflow to track repo "Syam916/mlops"]
[2025-01-05 20:12:34,604: INFO: helpers: Repository Syam916/mlops initialized!]
[2025-01-05 20:12:34,626: INFO: common: yaml file: config\config.yaml loaded successfully]
[2025-01-05 20:12:34,627: INFO: common: created directory at: artifacts]
[2025-01-05 20:12:34,628: INFO: pipeline: 

==================== Stage 1: Data Ingestion Started ====================]
[2025-01-05 20:12:34,628: INFO: common: created directory at: artifacts/data_ingestion]
[2025-01-05 20:12:34,629: ERROR: pipeline: Error in data ingestion stage: 'DataIngestion' object has no attribute 'initiate_data_ingestion']
[2025-01-05 20:12:34,629: ERROR: pipeline: Pipeline failed: 'DataIngestion' object has no attribute 'initiate_data_ingestion']
[2025-01-05 20:12:34,630: ERROR: main: Error in pipeline execution: 'DataIngestion' object has no attribute 'initiate_data_ingestion']
[2025-01-05 20:16:04,222: INFO: _client: HTTP Request: GET https://dagshub.com/api/v1/user "HTTP/1.1 200 OK"]
[2025-01-05 20:16:04,224: INFO: helpers: Accessing as Syam916]
[2025-01-05 20:16:04,569: INFO: _client: HTTP Request: GET https://dagshub.com/api/v1/repos/Syam916/mlops "HTTP/1.1 200 OK"]
[2025-01-05 20:16:04,940: INFO: _client: HTTP Request: GET https://dagshub.com/api/v1/user "HTTP/1.1 200 OK"]
[2025-01-05 20:16:04,940: INFO: helpers: Initialized MLflow to track repo "Syam916/mlops"]
[2025-01-05 20:16:04,940: INFO: helpers: Repository Syam916/mlops initialized!]
[2025-01-05 20:16:04,954: INFO: common: yaml file: config\config.yaml loaded successfully]
[2025-01-05 20:16:04,954: INFO: common: created directory at: artifacts]
[2025-01-05 20:16:04,966: INFO: pipeline: 

==================== Stage 1: Data Ingestion Started ====================]
[2025-01-05 20:16:04,966: INFO: common: created directory at: artifacts/data_ingestion]
[2025-01-05 20:16:04,967: INFO: data_ingestion: data file already exists]
[2025-01-05 20:16:04,968: ERROR: pipeline: Error in data ingestion stage: 'DataIngestion' object has no attribute 'train_test_spliting']
[2025-01-05 20:16:04,969: ERROR: pipeline: Pipeline failed: 'DataIngestion' object has no attribute 'train_test_spliting']
[2025-01-05 20:16:04,969: ERROR: main: Error in pipeline execution: 'DataIngestion' object has no attribute 'train_test_spliting']
[2025-01-05 20:16:37,806: INFO: _client: HTTP Request: GET https://dagshub.com/api/v1/user "HTTP/1.1 200 OK"]
[2025-01-05 20:16:37,811: INFO: helpers: Accessing as Syam916]
[2025-01-05 20:16:38,182: INFO: _client: HTTP Request: GET https://dagshub.com/api/v1/repos/Syam916/mlops "HTTP/1.1 200 OK"]
[2025-01-05 20:16:38,536: INFO: _client: HTTP Request: GET https://dagshub.com/api/v1/user "HTTP/1.1 200 OK"]
[2025-01-05 20:16:38,536: INFO: helpers: Initialized MLflow to track repo "Syam916/mlops"]
[2025-01-05 20:16:38,536: INFO: helpers: Repository Syam916/mlops initialized!]
[2025-01-05 20:16:38,558: INFO: common: yaml file: config\config.yaml loaded successfully]
[2025-01-05 20:16:38,558: INFO: common: created directory at: artifacts]
[2025-01-05 20:16:38,558: INFO: pipeline: 

==================== Stage 1: Data Ingestion Started ====================]
[2025-01-05 20:16:38,558: INFO: common: created directory at: artifacts/data_ingestion]
[2025-01-05 20:16:38,558: INFO: data_ingestion: data file already exists]
[2025-01-05 20:16:38,603: ERROR: pipeline: Error in data ingestion stage: 'dataIngestionConfig' object has no attribute 'train_data_path']
[2025-01-05 20:16:38,603: ERROR: pipeline: Pipeline failed: 'dataIngestionConfig' object has no attribute 'train_data_path']
[2025-01-05 20:16:38,603: ERROR: main: Error in pipeline execution: 'dataIngestionConfig' object has no attribute 'train_data_path']
[2025-01-05 20:18:27,477: INFO: _client: HTTP Request: GET https://dagshub.com/api/v1/user "HTTP/1.1 200 OK"]
[2025-01-05 20:18:27,479: INFO: helpers: Accessing as Syam916]
[2025-01-05 20:18:27,869: INFO: _client: HTTP Request: GET https://dagshub.com/api/v1/repos/Syam916/mlops "HTTP/1.1 200 OK"]
[2025-01-05 20:18:28,210: INFO: _client: HTTP Request: GET https://dagshub.com/api/v1/user "HTTP/1.1 200 OK"]
[2025-01-05 20:18:28,226: INFO: helpers: Initialized MLflow to track repo "Syam916/mlops"]
[2025-01-05 20:18:28,229: INFO: helpers: Repository Syam916/mlops initialized!]
[2025-01-05 20:18:28,253: INFO: common: yaml file: config\config.yaml loaded successfully]
[2025-01-05 20:18:28,253: INFO: common: created directory at: artifacts]
[2025-01-05 20:18:28,253: INFO: pipeline: 

==================== Stage 1: Data Ingestion Started ====================]
[2025-01-05 20:18:28,253: INFO: common: created directory at: artifacts/data_ingestion]
[2025-01-05 20:18:28,253: ERROR: pipeline: Error in data ingestion stage: dataIngestionConfig.__init__() missing 2 required positional arguments: 'train_data_path' and 'test_data_path']
[2025-01-05 20:18:28,253: ERROR: pipeline: Pipeline failed: dataIngestionConfig.__init__() missing 2 required positional arguments: 'train_data_path' and 'test_data_path']
[2025-01-05 20:18:28,253: ERROR: main: Error in pipeline execution: dataIngestionConfig.__init__() missing 2 required positional arguments: 'train_data_path' and 'test_data_path']
[2025-01-05 20:19:59,068: INFO: _client: HTTP Request: GET https://dagshub.com/api/v1/user "HTTP/1.1 200 OK"]
[2025-01-05 20:19:59,084: INFO: helpers: Accessing as Syam916]
[2025-01-05 20:19:59,456: INFO: _client: HTTP Request: GET https://dagshub.com/api/v1/repos/Syam916/mlops "HTTP/1.1 200 OK"]
[2025-01-05 20:19:59,798: INFO: _client: HTTP Request: GET https://dagshub.com/api/v1/user "HTTP/1.1 200 OK"]
[2025-01-05 20:19:59,798: INFO: helpers: Initialized MLflow to track repo "Syam916/mlops"]
[2025-01-05 20:19:59,811: INFO: helpers: Repository Syam916/mlops initialized!]
[2025-01-05 20:19:59,826: INFO: common: yaml file: config\config.yaml loaded successfully]
[2025-01-05 20:19:59,826: INFO: common: created directory at: artifacts]
[2025-01-05 20:19:59,826: INFO: pipeline: 

==================== Stage 1: Data Ingestion Started ====================]
[2025-01-05 20:19:59,826: INFO: common: created directory at: artifacts/data_ingestion]
[2025-01-05 20:19:59,826: ERROR: pipeline: Error in data ingestion stage: dataIngestionConfig.__init__() missing 2 required positional arguments: 'train_data_path' and 'test_data_path']
[2025-01-05 20:19:59,826: ERROR: pipeline: Pipeline failed: dataIngestionConfig.__init__() missing 2 required positional arguments: 'train_data_path' and 'test_data_path']
[2025-01-05 20:19:59,826: ERROR: main: Error in pipeline execution: dataIngestionConfig.__init__() missing 2 required positional arguments: 'train_data_path' and 'test_data_path']
[2025-01-06 02:08:06,963: INFO: _client: HTTP Request: GET https://dagshub.com/api/v1/user "HTTP/1.1 200 OK"]
[2025-01-06 02:08:06,979: INFO: helpers: Accessing as Syam916]
[2025-01-06 02:08:07,382: INFO: _client: HTTP Request: GET https://dagshub.com/api/v1/repos/Syam916/mlops "HTTP/1.1 200 OK"]
[2025-01-06 02:08:07,787: INFO: _client: HTTP Request: GET https://dagshub.com/api/v1/user "HTTP/1.1 200 OK"]
[2025-01-06 02:08:07,787: INFO: helpers: Initialized MLflow to track repo "Syam916/mlops"]
[2025-01-06 02:08:07,798: INFO: helpers: Repository Syam916/mlops initialized!]
[2025-01-06 02:08:07,800: INFO: main: >>>>>> Stage 1: Data Ingestion Started <<<<<<]
[2025-01-06 02:08:07,818: INFO: common: yaml file: config\config.yaml loaded successfully]
[2025-01-06 02:08:07,833: INFO: common: created directory at: artifacts]
[2025-01-06 02:08:07,835: INFO: common: created directory at: artifacts/data_ingestion]
[2025-01-06 02:08:07,835: ERROR: data_ingestion_pipeline: Error in data ingestion stage: dataIngestionConfig.__init__() missing 2 required positional arguments: 'train_data_path' and 'test_data_path']
[2025-01-06 02:08:07,835: ERROR: main: dataIngestionConfig.__init__() missing 2 required positional arguments: 'train_data_path' and 'test_data_path']
Traceback (most recent call last):
  File "C:\Users\puttu\Downloads\house_price_prediction\home_price_prediction\main.py", line 14, in main
    data_ingestion.main()
  File "C:\Users\puttu\Downloads\house_price_prediction\home_price_prediction\src\pipeline\data_ingestion_pipeline.py", line 20, in main
    raise e
  File "C:\Users\puttu\Downloads\house_price_prediction\home_price_prediction\src\pipeline\data_ingestion_pipeline.py", line 13, in main
    data_ingestion_config = config.get_data_ingestion_config()
  File "C:\Users\puttu\Downloads\house_price_prediction\home_price_prediction\src\config\configuration.py", line 25, in get_data_ingestion_config
    data_ingestion_config=dataIngestionConfig(
TypeError: dataIngestionConfig.__init__() missing 2 required positional arguments: 'train_data_path' and 'test_data_path'
[2025-01-06 02:09:36,573: INFO: _client: HTTP Request: GET https://dagshub.com/api/v1/user "HTTP/1.1 200 OK"]
[2025-01-06 02:09:36,580: INFO: helpers: Accessing as Syam916]
[2025-01-06 02:09:36,977: INFO: _client: HTTP Request: GET https://dagshub.com/api/v1/repos/Syam916/mlops "HTTP/1.1 200 OK"]
[2025-01-06 02:09:37,393: INFO: _client: HTTP Request: GET https://dagshub.com/api/v1/user "HTTP/1.1 200 OK"]
[2025-01-06 02:09:37,393: INFO: helpers: Initialized MLflow to track repo "Syam916/mlops"]
[2025-01-06 02:09:37,400: INFO: helpers: Repository Syam916/mlops initialized!]
[2025-01-06 02:09:37,402: INFO: main: >>>>>> Stage 1: Data Ingestion Started <<<<<<]
[2025-01-06 02:09:37,412: INFO: common: yaml file: config\config.yaml loaded successfully]
[2025-01-06 02:09:37,416: INFO: common: created directory at: artifacts]
[2025-01-06 02:09:37,416: INFO: common: created directory at: artifacts/data_ingestion]
[2025-01-06 02:09:38,051: INFO: data_ingestion: {self.config.loacal_save} is craeted]
[2025-01-06 02:09:38,051: INFO: data_ingestion_pipeline: Data ingestion completed]
[2025-01-06 02:09:38,051: INFO: main: >>>>>> Stage 1: Data Ingestion Completed <<<<<<

x==========x]
[2025-01-06 02:09:38,054: INFO: main: >>>>>> Stage 2: Data Validation Started <<<<<<]
[2025-01-06 02:09:38,054: INFO: common: yaml file: config\config.yaml loaded successfully]
[2025-01-06 02:09:38,054: INFO: common: created directory at: artifacts]
[2025-01-06 02:09:38,063: ERROR: data_validation_pipeline: Error in data validation stage: 'ConfigurationManager' object has no attribute 'schema']
[2025-01-06 02:09:38,064: ERROR: main: 'ConfigurationManager' object has no attribute 'schema']
Traceback (most recent call last):
  File "C:\Users\puttu\Downloads\house_price_prediction\home_price_prediction\main.py", line 20, in main
    validation_status = data_validation.main()
  File "C:\Users\puttu\Downloads\house_price_prediction\home_price_prediction\src\pipeline\data_validation_pipeline.py", line 23, in main
    raise e
  File "C:\Users\puttu\Downloads\house_price_prediction\home_price_prediction\src\pipeline\data_validation_pipeline.py", line 13, in main
    data_validation_config = config.get_data_validation_config()
  File "C:\Users\puttu\Downloads\house_price_prediction\home_price_prediction\src\config\configuration.py", line 58, in get_data_validation_config
    schema = self.schema.COLUMNS
AttributeError: 'ConfigurationManager' object has no attribute 'schema'
[2025-01-06 02:10:54,961: INFO: _client: HTTP Request: GET https://dagshub.com/api/v1/user "HTTP/1.1 200 OK"]
[2025-01-06 02:10:54,971: INFO: helpers: Accessing as Syam916]
[2025-01-06 02:10:55,431: INFO: _client: HTTP Request: GET https://dagshub.com/api/v1/repos/Syam916/mlops "HTTP/1.1 200 OK"]
[2025-01-06 02:10:55,830: INFO: _client: HTTP Request: GET https://dagshub.com/api/v1/user "HTTP/1.1 200 OK"]
[2025-01-06 02:10:55,833: INFO: helpers: Initialized MLflow to track repo "Syam916/mlops"]
[2025-01-06 02:10:55,833: INFO: helpers: Repository Syam916/mlops initialized!]
[2025-01-06 02:10:55,839: INFO: main: >>>>>> Stage 1: Data Ingestion Started <<<<<<]
[2025-01-06 02:10:55,852: INFO: common: yaml file: config\config.yaml loaded successfully]
[2025-01-06 02:10:55,865: INFO: common: yaml file: schema.yaml loaded successfully]
[2025-01-06 02:10:55,866: INFO: common: created directory at: artifacts]
[2025-01-06 02:10:55,868: INFO: common: created directory at: artifacts/data_ingestion]
[2025-01-06 02:10:55,868: INFO: data_ingestion: data file already exists]
[2025-01-06 02:10:55,868: INFO: data_ingestion_pipeline: Data ingestion completed]
[2025-01-06 02:10:55,869: INFO: main: >>>>>> Stage 1: Data Ingestion Completed <<<<<<

x==========x]
[2025-01-06 02:10:55,869: INFO: main: >>>>>> Stage 2: Data Validation Started <<<<<<]
[2025-01-06 02:10:55,878: INFO: common: yaml file: config\config.yaml loaded successfully]
[2025-01-06 02:10:55,880: INFO: common: yaml file: schema.yaml loaded successfully]
[2025-01-06 02:10:55,881: INFO: common: created directory at: artifacts]
[2025-01-06 02:10:55,882: INFO: common: created directory at: artifacts/data_validation]
[2025-01-06 02:10:55,919: INFO: data_validation_pipeline: Data validation completed with status: True]
[2025-01-06 02:10:55,919: INFO: main: >>>>>> Stage 2: Data Validation Completed <<<<<<

x==========x]
[2025-01-06 02:10:55,919: INFO: main: >>>>>> Stage 3: Data Transformation Started <<<<<<]
[2025-01-06 02:10:55,928: INFO: common: yaml file: config\config.yaml loaded successfully]
[2025-01-06 02:10:55,931: INFO: common: yaml file: schema.yaml loaded successfully]
[2025-01-06 02:10:55,931: INFO: common: created directory at: artifacts]
[2025-01-06 02:10:55,935: INFO: common: created directory at: artifacts/data_transformation]
[2025-01-06 02:10:55,935: ERROR: data_transformation: Error in data transformation: [Errno 2] No such file or directory: 'artifacts/data_ingestion/train.csv']
[2025-01-06 02:10:55,935: ERROR: data_transformation_pipeline: Error in data transformation stage: [Errno 2] No such file or directory: 'artifacts/data_ingestion/train.csv']
[2025-01-06 02:10:55,935: ERROR: main: [Errno 2] No such file or directory: 'artifacts/data_ingestion/train.csv']
Traceback (most recent call last):
  File "C:\Users\puttu\Downloads\house_price_prediction\home_price_prediction\main.py", line 31, in main
    X_train_transformed, X_test_transformed, y_train, y_test = data_transformation.main()
  File "C:\Users\puttu\Downloads\house_price_prediction\home_price_prediction\src\pipeline\data_transformation_pipeline.py", line 26, in main
    raise e
  File "C:\Users\puttu\Downloads\house_price_prediction\home_price_prediction\src\pipeline\data_transformation_pipeline.py", line 16, in main
    X_train_transformed, X_test_transformed, y_train, y_test = data_transformation.transform_data()
  File "C:\Users\puttu\Downloads\house_price_prediction\home_price_prediction\src\components\data_transformation.py", line 132, in transform_data
    raise e
  File "C:\Users\puttu\Downloads\house_price_prediction\home_price_prediction\src\components\data_transformation.py", line 89, in transform_data
    train_data = pd.read_csv(self.config.train_data_path)
  File "C:\Users\puttu\Downloads\house_price_prediction\home_price_prediction\deploy\lib\site-packages\pandas\io\parsers\readers.py", line 1026, in read_csv
    return _read(filepath_or_buffer, kwds)
  File "C:\Users\puttu\Downloads\house_price_prediction\home_price_prediction\deploy\lib\site-packages\pandas\io\parsers\readers.py", line 620, in _read
    parser = TextFileReader(filepath_or_buffer, **kwds)
  File "C:\Users\puttu\Downloads\house_price_prediction\home_price_prediction\deploy\lib\site-packages\pandas\io\parsers\readers.py", line 1620, in __init__
    self._engine = self._make_engine(f, self.engine)
  File "C:\Users\puttu\Downloads\house_price_prediction\home_price_prediction\deploy\lib\site-packages\pandas\io\parsers\readers.py", line 1880, in _make_engine
    self.handles = get_handle(
  File "C:\Users\puttu\Downloads\house_price_prediction\home_price_prediction\deploy\lib\site-packages\pandas\io\common.py", line 873, in get_handle
    handle = open(
FileNotFoundError: [Errno 2] No such file or directory: 'artifacts/data_ingestion/train.csv'
[2025-01-06 02:11:52,141: INFO: _client: HTTP Request: GET https://dagshub.com/api/v1/user "HTTP/1.1 200 OK"]
[2025-01-06 02:11:52,156: INFO: helpers: Accessing as Syam916]
[2025-01-06 02:11:52,629: INFO: _client: HTTP Request: GET https://dagshub.com/api/v1/repos/Syam916/mlops "HTTP/1.1 200 OK"]
[2025-01-06 02:11:52,988: INFO: _client: HTTP Request: GET https://dagshub.com/api/v1/user "HTTP/1.1 200 OK"]
[2025-01-06 02:11:52,988: INFO: helpers: Initialized MLflow to track repo "Syam916/mlops"]
[2025-01-06 02:11:53,002: INFO: helpers: Repository Syam916/mlops initialized!]
[2025-01-06 02:11:53,007: INFO: main: >>>>>> Stage 1: Data Ingestion Started <<<<<<]
[2025-01-06 02:11:53,018: INFO: common: yaml file: config\config.yaml loaded successfully]
[2025-01-06 02:11:53,025: INFO: common: yaml file: schema.yaml loaded successfully]
[2025-01-06 02:11:53,028: INFO: common: created directory at: artifacts]
[2025-01-06 02:11:53,030: INFO: common: created directory at: artifacts/data_ingestion]
[2025-01-06 02:11:53,323: INFO: data_ingestion: {self.config.loacal_save} is craeted]
[2025-01-06 02:11:53,565: INFO: data_ingestion: Splited data into training and test sets]
[2025-01-06 02:11:53,567: INFO: data_ingestion: (15480, 10)]
[2025-01-06 02:11:53,567: INFO: data_ingestion: (5160, 10)]
[2025-01-06 02:11:53,567: INFO: data_ingestion_pipeline: Data ingestion completed]
[2025-01-06 02:11:53,567: INFO: main: >>>>>> Stage 1: Data Ingestion Completed <<<<<<

x==========x]
[2025-01-06 02:11:53,567: INFO: main: >>>>>> Stage 2: Data Validation Started <<<<<<]
[2025-01-06 02:11:53,567: INFO: common: yaml file: config\config.yaml loaded successfully]
[2025-01-06 02:11:53,580: INFO: common: yaml file: schema.yaml loaded successfully]
[2025-01-06 02:11:53,580: INFO: common: created directory at: artifacts]
[2025-01-06 02:11:53,580: INFO: common: created directory at: artifacts/data_validation]
[2025-01-06 02:11:53,615: INFO: data_validation_pipeline: Data validation completed with status: True]
[2025-01-06 02:11:53,615: INFO: main: >>>>>> Stage 2: Data Validation Completed <<<<<<

x==========x]
[2025-01-06 02:11:53,618: INFO: main: >>>>>> Stage 3: Data Transformation Started <<<<<<]
[2025-01-06 02:11:53,624: INFO: common: yaml file: config\config.yaml loaded successfully]
[2025-01-06 02:11:53,632: INFO: common: yaml file: schema.yaml loaded successfully]
[2025-01-06 02:11:53,632: INFO: common: created directory at: artifacts]
[2025-01-06 02:11:53,636: INFO: common: created directory at: artifacts/data_transformation]
[2025-01-06 02:11:53,693: INFO: data_transformation: Loaded train and test data]
[2025-01-06 02:11:53,708: INFO: data_transformation: Split data into features and target]
[2025-01-06 02:11:53,761: INFO: data_transformation: Transformed training and test data]
[2025-01-06 02:11:53,772: INFO: data_transformation: Saved preprocessor and transformed data]
[2025-01-06 02:11:53,774: INFO: data_transformation_pipeline: Transformed training data shape: (15480, 12)]
[2025-01-06 02:11:53,774: INFO: data_transformation_pipeline: Transformed test data shape: (5160, 12)]
[2025-01-06 02:11:53,774: INFO: data_transformation_pipeline: Data transformation completed]
[2025-01-06 02:11:53,774: INFO: main: >>>>>> Stage 3: Data Transformation Completed <<<<<<

x==========x]
[2025-01-06 02:11:53,774: INFO: main: >>>>>> Stage 4: Model Training Started <<<<<<]
[2025-01-06 02:11:53,778: INFO: common: yaml file: config\config.yaml loaded successfully]
[2025-01-06 02:11:53,778: INFO: common: yaml file: schema.yaml loaded successfully]
[2025-01-06 02:11:53,786: INFO: common: created directory at: artifacts]
[2025-01-06 02:11:53,787: INFO: common: created directory at: artifacts/model_trainer]
[2025-01-06 02:11:53,962: INFO: model_trainer: Loaded training and test data]
[2025-01-06 02:11:53,970: INFO: model_trainer: 
Training LinearRegression...]
[2025-01-06 02:11:53,970: INFO: model_trainer: Starting grid search for LinearRegression]
[2025-01-06 02:11:56,477: INFO: model_trainer: Best parameters for LinearRegression: {'fit_intercept': True}]
[2025-01-06 02:11:56,477: INFO: model_trainer: Best score for LinearRegression: 4696365384.1075]
[2025-01-06 02:11:56,477: INFO: model_trainer: Saved LinearRegression model to artifacts/model_trainer/models\LinearRegression.pkl]
[2025-01-06 02:11:56,477: INFO: model_trainer: 
Training Lasso...]
[2025-01-06 02:11:56,484: INFO: model_trainer: Starting grid search for Lasso]
[2025-01-06 02:11:59,572: INFO: model_trainer: Best parameters for Lasso: {'alpha': 1.0, 'max_iter': 1000, 'random_state': 42, 'selection': 'random'}]
[2025-01-06 02:11:59,572: INFO: model_trainer: Best score for Lasso: 4696285430.78002]
[2025-01-06 02:11:59,572: INFO: model_trainer: Saved Lasso model to artifacts/model_trainer/models\Lasso.pkl]
[2025-01-06 02:11:59,587: INFO: model_trainer: 
Training Ridge...]
[2025-01-06 02:11:59,587: INFO: model_trainer: Starting grid search for Ridge]
[2025-01-06 02:11:59,952: INFO: model_trainer: Best parameters for Ridge: {'alpha': 0.1, 'max_iter': 1000, 'random_state': 42, 'solver': 'auto'}]
[2025-01-06 02:11:59,953: INFO: model_trainer: Best score for Ridge: 4696170768.9628315]
[2025-01-06 02:11:59,953: INFO: model_trainer: Saved Ridge model to artifacts/model_trainer/models\Ridge.pkl]
[2025-01-06 02:11:59,953: INFO: model_trainer: 
Training SVR...]
[2025-01-06 02:11:59,953: INFO: model_trainer: Starting grid search for SVR]
[2025-01-06 02:14:03,282: INFO: model_trainer: Best parameters for SVR: {'C': 10.0, 'epsilon': 0.01, 'gamma': 'scale', 'kernel': 'linear'}]
[2025-01-06 02:14:03,282: INFO: model_trainer: Best score for SVR: 8613313469.436497]
[2025-01-06 02:14:03,282: INFO: model_trainer: Saved SVR model to artifacts/model_trainer/models\SVR.pkl]
[2025-01-06 02:14:03,282: INFO: model_trainer: Best performing model: Ridge]
[2025-01-06 02:14:03,282: INFO: model_trainer: Saved best model to: artifacts/model_trainer/models\best_model.pkl]
[2025-01-06 02:14:03,290: INFO: model_trainer: Model training completed. All artifacts saved in: artifacts/model_trainer/models]
[2025-01-06 02:14:03,292: INFO: model_training_pipeline: Training completed! Models saved in: artifacts/model_trainer/models]
[2025-01-06 02:14:03,292: INFO: model_training_pipeline: Best performing model: Ridge]
[2025-01-06 02:14:03,292: INFO: model_training_pipeline: 
LinearRegression:]
[2025-01-06 02:14:03,293: INFO: model_training_pipeline: Best parameters: {'fit_intercept': True}]
[2025-01-06 02:14:03,293: INFO: model_training_pipeline: MSE Score: 4696365384.1075]
[2025-01-06 02:14:03,293: INFO: model_training_pipeline: RMSE Score: 68530.03271637553]
[2025-01-06 02:14:03,293: INFO: model_training_pipeline: 
Lasso:]
[2025-01-06 02:14:03,293: INFO: model_training_pipeline: Best parameters: {'alpha': 1.0, 'max_iter': 1000, 'random_state': 42, 'selection': 'random'}]
[2025-01-06 02:14:03,293: INFO: model_training_pipeline: MSE Score: 4696285430.78002]
[2025-01-06 02:14:03,295: INFO: model_training_pipeline: RMSE Score: 68529.44936872045]
[2025-01-06 02:14:03,296: INFO: model_training_pipeline: 
Ridge:]
[2025-01-06 02:14:03,296: INFO: model_training_pipeline: Best parameters: {'alpha': 0.1, 'max_iter': 1000, 'random_state': 42, 'solver': 'auto'}]
[2025-01-06 02:14:03,296: INFO: model_training_pipeline: MSE Score: 4696170768.9628315]
[2025-01-06 02:14:03,296: INFO: model_training_pipeline: RMSE Score: 68528.61277570728]
[2025-01-06 02:14:03,296: INFO: model_training_pipeline: 
SVR:]
[2025-01-06 02:14:03,296: INFO: model_training_pipeline: Best parameters: {'C': 10.0, 'epsilon': 0.01, 'gamma': 'scale', 'kernel': 'linear'}]
[2025-01-06 02:14:03,296: INFO: model_training_pipeline: MSE Score: 8613313469.436497]
[2025-01-06 02:14:03,296: INFO: model_training_pipeline: RMSE Score: 92807.93861214943]
[2025-01-06 02:14:03,296: INFO: model_training_pipeline: Model training completed]
[2025-01-06 02:14:03,296: INFO: main: >>>>>> Stage 4: Model Training Completed <<<<<<

x==========x]
[2025-01-06 02:14:03,300: INFO: main: >>>>>> Stage 5: Model Evaluation Started <<<<<<]
[2025-01-06 02:14:03,306: INFO: common: yaml file: config\config.yaml loaded successfully]
[2025-01-06 02:14:03,307: INFO: common: yaml file: schema.yaml loaded successfully]
[2025-01-06 02:14:03,307: INFO: common: created directory at: artifacts]
[2025-01-06 02:14:03,311: INFO: common: created directory at: artifacts/model_evaluation]
[2025-01-06 02:14:22,773: INFO: model_evaluation: Model evaluation completed and metrics logged to MLflow]
[2025-01-06 02:14:22,773: INFO: model_evaluation: Evaluation results saved locally]
[2025-01-06 02:14:23,500: INFO: model_evaluation_pipeline: 
Model Performance Metrics:]
[2025-01-06 02:14:23,500: INFO: model_evaluation_pipeline: R² Score: 0.6410]
[2025-01-06 02:14:23,500: INFO: model_evaluation_pipeline: RMSE: $69,712.03]
[2025-01-06 02:14:23,500: INFO: model_evaluation_pipeline: MAE: $49,612.63]
[2025-01-06 02:14:23,500: INFO: model_evaluation_pipeline: Model Type: Ridge]
[2025-01-06 02:14:23,502: INFO: model_evaluation_pipeline: Model evaluation completed]
[2025-01-06 02:14:23,502: INFO: main: >>>>>> Stage 5: Model Evaluation Completed <<<<<<

x==========x]
[2025-01-06 19:43:07,429: INFO: _client: HTTP Request: GET https://dagshub.com/api/v1/user "HTTP/1.1 200 OK"]
[2025-01-06 19:43:07,434: INFO: helpers: Accessing as Syam916]
[2025-01-06 19:43:07,837: INFO: _client: HTTP Request: GET https://dagshub.com/api/v1/repos/Syam916/mlops "HTTP/1.1 200 OK"]
[2025-01-06 19:43:08,246: INFO: _client: HTTP Request: GET https://dagshub.com/api/v1/user "HTTP/1.1 200 OK"]
[2025-01-06 19:43:08,252: INFO: helpers: Initialized MLflow to track repo "Syam916/mlops"]
[2025-01-06 19:43:08,254: INFO: helpers: Repository Syam916/mlops initialized!]
[2025-01-06 19:43:59,996: INFO: _client: HTTP Request: GET https://dagshub.com/api/v1/user "HTTP/1.1 200 OK"]
[2025-01-06 19:44:00,000: INFO: helpers: Accessing as Syam916]
[2025-01-06 19:44:00,355: INFO: _client: HTTP Request: GET https://dagshub.com/api/v1/repos/Syam916/mlops "HTTP/1.1 200 OK"]
[2025-01-06 19:44:00,734: INFO: _client: HTTP Request: GET https://dagshub.com/api/v1/user "HTTP/1.1 200 OK"]
[2025-01-06 19:44:00,734: INFO: helpers: Initialized MLflow to track repo "Syam916/mlops"]
[2025-01-06 19:44:00,734: INFO: helpers: Repository Syam916/mlops initialized!]
[2025-01-06 19:44:00,825: INFO: _internal: [31m[1mWARNING: This is a development server. Do not use it in a production deployment. Use a production WSGI server instead.[0m
 * Running on http://127.0.0.1:5000]
[2025-01-06 19:44:00,825: INFO: _internal: [33mPress CTRL+C to quit[0m]
[2025-01-06 19:44:00,825: INFO: _internal:  * Restarting with stat]
[2025-01-06 19:44:06,305: INFO: _client: HTTP Request: GET https://dagshub.com/api/v1/user "HTTP/1.1 200 OK"]
[2025-01-06 19:44:06,325: INFO: helpers: Accessing as Syam916]
[2025-01-06 19:44:06,734: INFO: _client: HTTP Request: GET https://dagshub.com/api/v1/repos/Syam916/mlops "HTTP/1.1 200 OK"]
[2025-01-06 19:44:07,124: INFO: _client: HTTP Request: GET https://dagshub.com/api/v1/user "HTTP/1.1 200 OK"]
[2025-01-06 19:44:07,124: INFO: helpers: Initialized MLflow to track repo "Syam916/mlops"]
[2025-01-06 19:44:07,124: INFO: helpers: Repository Syam916/mlops initialized!]
[2025-01-06 19:44:07,154: WARNING: _internal:  * Debugger is active!]
[2025-01-06 19:44:07,158: INFO: _internal:  * Debugger PIN: 260-116-811]
[2025-01-06 19:44:07,424: INFO: _internal: 127.0.0.1 - - [06/Jan/2025 19:44:07] "GET / HTTP/1.1" 200 -]
[2025-01-06 19:44:10,295: INFO: _internal: 127.0.0.1 - - [06/Jan/2025 19:44:10] "[33mGET /favicon.ico HTTP/1.1[0m" 404 -]
[2025-01-06 19:44:42,605: INFO: _internal: 127.0.0.1 - - [06/Jan/2025 19:44:42] "POST /predict HTTP/1.1" 200 -]
[2025-01-06 19:46:01,776: INFO: _internal: 127.0.0.1 - - [06/Jan/2025 19:46:01] "[33mPOST /admin-dashboard/_dash-update-component HTTP/1.1[0m" 404 -]
[2025-01-06 19:48:08,831: INFO: _internal: 127.0.0.1 - - [06/Jan/2025 19:48:08] "POST /predict HTTP/1.1" 200 -]
[2025-01-06 19:56:01,773: INFO: _internal: 127.0.0.1 - - [06/Jan/2025 19:56:01] "[33mPOST /admin-dashboard/_dash-update-component HTTP/1.1[0m" 404 -]
[2025-01-06 19:57:50,586: INFO: main: >>>>>> Stage 1: Data Ingestion Started <<<<<<]
[2025-01-06 19:57:50,638: INFO: common: yaml file: config\config.yaml loaded successfully]
[2025-01-06 19:57:50,668: INFO: common: yaml file: schema.yaml loaded successfully]
[2025-01-06 19:57:50,679: INFO: common: created directory at: artifacts]
[2025-01-06 19:57:50,679: INFO: common: created directory at: artifacts/data_ingestion]
[2025-01-06 19:57:50,679: INFO: data_ingestion: data file already exists]
[2025-01-06 19:57:51,184: INFO: data_ingestion: Splited data into training and test sets]
[2025-01-06 19:57:51,184: INFO: data_ingestion: (15480, 10)]
[2025-01-06 19:57:51,184: INFO: data_ingestion: (5160, 10)]
[2025-01-06 19:57:51,184: INFO: data_ingestion_pipeline: Data ingestion completed]
[2025-01-06 19:57:51,184: INFO: main: >>>>>> Stage 1: Data Ingestion Completed <<<<<<

x==========x]
[2025-01-06 19:57:51,200: INFO: main: >>>>>> Stage 2: Data Validation Started <<<<<<]
[2025-01-06 19:57:51,224: INFO: common: yaml file: config\config.yaml loaded successfully]
[2025-01-06 19:57:51,232: INFO: common: yaml file: schema.yaml loaded successfully]
[2025-01-06 19:57:51,232: INFO: common: created directory at: artifacts]
[2025-01-06 19:57:51,241: INFO: common: created directory at: artifacts/data_validation]
[2025-01-06 19:57:51,346: INFO: data_validation_pipeline: Data validation completed with status: True]
[2025-01-06 19:57:51,347: INFO: main: >>>>>> Stage 2: Data Validation Completed <<<<<<

x==========x]
[2025-01-06 19:57:51,347: INFO: main: >>>>>> Stage 3: Data Transformation Started <<<<<<]
[2025-01-06 19:57:51,363: INFO: common: yaml file: config\config.yaml loaded successfully]
[2025-01-06 19:57:51,374: INFO: common: yaml file: schema.yaml loaded successfully]
[2025-01-06 19:57:51,374: INFO: common: created directory at: artifacts]
[2025-01-06 19:57:51,374: INFO: common: created directory at: artifacts/data_transformation]
[2025-01-06 19:57:51,514: INFO: data_transformation: Loaded train and test data]
[2025-01-06 19:57:51,523: INFO: data_transformation: Split data into features and target]
[2025-01-06 19:57:51,620: INFO: data_transformation: Transformed training and test data]
[2025-01-06 19:57:51,630: INFO: data_transformation: Saved preprocessor and transformed data]
[2025-01-06 19:57:51,631: INFO: data_transformation_pipeline: Transformed training data shape: (15480, 12)]
[2025-01-06 19:57:51,632: INFO: data_transformation_pipeline: Transformed test data shape: (5160, 12)]
[2025-01-06 19:57:51,632: INFO: data_transformation_pipeline: Data transformation completed]
[2025-01-06 19:57:51,633: INFO: main: >>>>>> Stage 3: Data Transformation Completed <<<<<<

x==========x]
[2025-01-06 19:57:51,635: INFO: main: >>>>>> Stage 4: Model Training Started <<<<<<]
[2025-01-06 19:57:51,657: INFO: common: yaml file: config\config.yaml loaded successfully]
[2025-01-06 19:57:51,665: INFO: common: yaml file: schema.yaml loaded successfully]
[2025-01-06 19:57:51,665: INFO: common: created directory at: artifacts]
[2025-01-06 19:57:51,668: INFO: common: created directory at: artifacts/model_trainer]
[2025-01-06 19:57:51,796: INFO: model_trainer: Loaded training and test data]
[2025-01-06 19:57:51,798: INFO: model_trainer: 
Training LinearRegression...]
[2025-01-06 19:57:51,800: INFO: model_trainer: Starting grid search for LinearRegression]
[2025-01-06 19:57:54,308: INFO: model_trainer: Best parameters for LinearRegression: {'fit_intercept': True}]
[2025-01-06 19:57:54,308: INFO: model_trainer: Best score for LinearRegression: 4659170050.001526]
[2025-01-06 19:57:54,308: INFO: model_trainer: Saved LinearRegression model to artifacts/model_trainer/models\LinearRegression.pkl]
[2025-01-06 19:57:54,308: INFO: model_trainer: 
Training Lasso...]
[2025-01-06 19:57:54,308: INFO: model_trainer: Starting grid search for Lasso]
[2025-01-06 19:57:58,915: INFO: model_trainer: Best parameters for Lasso: {'alpha': 10.0, 'max_iter': 1000, 'random_state': 42, 'selection': 'random'}]
[2025-01-06 19:57:58,915: INFO: model_trainer: Best score for Lasso: 4659042131.249599]
[2025-01-06 19:57:58,925: INFO: model_trainer: Saved Lasso model to artifacts/model_trainer/models\Lasso.pkl]
[2025-01-06 19:57:58,925: INFO: model_trainer: 
Training Ridge...]
[2025-01-06 19:57:58,925: INFO: model_trainer: Starting grid search for Ridge]
[2025-01-06 19:57:59,084: INFO: model_trainer: Best parameters for Ridge: {'alpha': 0.1, 'max_iter': 1000, 'random_state': 42, 'solver': 'auto'}]
[2025-01-06 19:57:59,084: INFO: model_trainer: Best score for Ridge: 4658885603.230913]
[2025-01-06 19:57:59,084: INFO: model_trainer: Saved Ridge model to artifacts/model_trainer/models\Ridge.pkl]
[2025-01-06 19:57:59,084: INFO: model_trainer: 
Training SVR...]
[2025-01-06 19:57:59,089: INFO: model_trainer: Starting grid search for SVR]
[2025-01-06 20:01:11,948: INFO: model_trainer: Best parameters for SVR: {'C': 10.0, 'epsilon': 0.01, 'gamma': 'scale', 'kernel': 'linear'}]
[2025-01-06 20:01:11,950: INFO: model_trainer: Best score for SVR: 8594048890.398468]
[2025-01-06 20:01:11,952: INFO: model_trainer: Saved SVR model to artifacts/model_trainer/models\SVR.pkl]
[2025-01-06 20:01:11,954: INFO: model_trainer: Best performing model: Ridge]
[2025-01-06 20:01:11,954: INFO: model_trainer: Saved best model to: artifacts/model_trainer/models\best_model.pkl]
[2025-01-06 20:01:11,956: INFO: model_trainer: Model training completed. All artifacts saved in: artifacts/model_trainer/models]
[2025-01-06 20:01:11,957: INFO: model_training_pipeline: Training completed! Models saved in: artifacts/model_trainer/models]
[2025-01-06 20:01:11,957: INFO: model_training_pipeline: Best performing model: Ridge]
[2025-01-06 20:01:11,958: INFO: model_training_pipeline: 
LinearRegression:]
[2025-01-06 20:01:11,958: INFO: model_training_pipeline: Best parameters: {'fit_intercept': True}]
[2025-01-06 20:01:11,958: INFO: model_training_pipeline: MSE Score: 4659170050.001526]
[2025-01-06 20:01:11,958: INFO: model_training_pipeline: RMSE Score: 68258.1134371697]
[2025-01-06 20:01:11,958: INFO: model_training_pipeline: 
Lasso:]
[2025-01-06 20:01:11,958: INFO: model_training_pipeline: Best parameters: {'alpha': 10.0, 'max_iter': 1000, 'random_state': 42, 'selection': 'random'}]
[2025-01-06 20:01:11,958: INFO: model_training_pipeline: MSE Score: 4659042131.249599]
[2025-01-06 20:01:11,958: INFO: model_training_pipeline: RMSE Score: 68257.17640841583]
[2025-01-06 20:01:11,958: INFO: model_training_pipeline: 
Ridge:]
[2025-01-06 20:01:11,958: INFO: model_training_pipeline: Best parameters: {'alpha': 0.1, 'max_iter': 1000, 'random_state': 42, 'solver': 'auto'}]
[2025-01-06 20:01:11,958: INFO: model_training_pipeline: MSE Score: 4658885603.230913]
[2025-01-06 20:01:11,958: INFO: model_training_pipeline: RMSE Score: 68256.02979393772]
[2025-01-06 20:01:11,958: INFO: model_training_pipeline: 
SVR:]
[2025-01-06 20:01:11,958: INFO: model_training_pipeline: Best parameters: {'C': 10.0, 'epsilon': 0.01, 'gamma': 'scale', 'kernel': 'linear'}]
[2025-01-06 20:01:11,958: INFO: model_training_pipeline: MSE Score: 8594048890.398468]
[2025-01-06 20:01:11,958: INFO: model_training_pipeline: RMSE Score: 92704.09316960319]
[2025-01-06 20:01:11,958: INFO: model_training_pipeline: Model training completed]
[2025-01-06 20:01:11,958: INFO: main: >>>>>> Stage 4: Model Training Completed <<<<<<

x==========x]
[2025-01-06 20:01:11,958: INFO: main: >>>>>> Stage 5: Model Evaluation Started <<<<<<]
[2025-01-06 20:01:11,964: INFO: common: yaml file: config\config.yaml loaded successfully]
[2025-01-06 20:01:11,964: INFO: common: yaml file: schema.yaml loaded successfully]
[2025-01-06 20:01:11,973: INFO: common: created directory at: artifacts]
[2025-01-06 20:01:11,974: INFO: common: created directory at: artifacts/model_evaluation]
[2025-01-06 20:01:36,507: INFO: model_evaluation: Model evaluation completed and metrics logged to MLflow]
[2025-01-06 20:01:36,509: INFO: model_evaluation: Evaluation results saved locally]
[2025-01-06 20:01:37,344: INFO: model_evaluation_pipeline: 
Model Performance Metrics:]
[2025-01-06 20:01:37,346: INFO: model_evaluation_pipeline: R² Score: 0.6346]
[2025-01-06 20:01:37,346: INFO: model_evaluation_pipeline: RMSE: $70,772.75]
[2025-01-06 20:01:37,346: INFO: model_evaluation_pipeline: MAE: $49,968.17]
[2025-01-06 20:01:37,346: INFO: model_evaluation_pipeline: Model Type: Ridge]
[2025-01-06 20:01:37,351: INFO: model_evaluation_pipeline: Model evaluation completed]
[2025-01-06 20:01:37,351: INFO: main: >>>>>> Stage 5: Model Evaluation Completed <<<<<<

x==========x]
[2025-01-06 20:01:37,354: INFO: _internal: 127.0.0.1 - - [06/Jan/2025 20:01:37] "POST /train HTTP/1.1" 200 -]
[2025-01-06 20:06:01,788: INFO: _internal: 127.0.0.1 - - [06/Jan/2025 20:06:01] "[33mPOST /admin-dashboard/_dash-update-component HTTP/1.1[0m" 404 -]
[2025-01-06 20:16:01,786: INFO: _internal: 127.0.0.1 - - [06/Jan/2025 20:16:01] "[33mPOST /admin-dashboard/_dash-update-component HTTP/1.1[0m" 404 -]
[2025-01-06 20:26:01,780: INFO: _internal: 127.0.0.1 - - [06/Jan/2025 20:26:01] "[33mPOST /admin-dashboard/_dash-update-component HTTP/1.1[0m" 404 -]
[2025-01-06 23:49:01,851: INFO: _internal: 127.0.0.1 - - [06/Jan/2025 23:49:01] "[33mPOST /admin-dashboard/_dash-update-component HTTP/1.1[0m" 404 -]
[2025-01-17 01:10:29,401: INFO: _client: HTTP Request: GET https://dagshub.com/api/v1/user "HTTP/1.1 200 OK"]
[2025-01-17 01:10:29,411: INFO: helpers: Accessing as Syam916]
[2025-01-17 01:10:29,769: INFO: _client: HTTP Request: GET https://dagshub.com/api/v1/repos/Syam916/mlops "HTTP/1.1 200 OK"]
[2025-01-17 01:10:30,108: INFO: _client: HTTP Request: GET https://dagshub.com/api/v1/user "HTTP/1.1 200 OK"]
[2025-01-17 01:10:30,108: INFO: helpers: Initialized MLflow to track repo "Syam916/mlops"]
[2025-01-17 01:10:30,108: INFO: helpers: Repository Syam916/mlops initialized!]
[2025-01-17 01:10:30,180: INFO: _internal: [31m[1mWARNING: This is a development server. Do not use it in a production deployment. Use a production WSGI server instead.[0m
 * Running on http://127.0.0.1:5000]
[2025-01-17 01:10:30,180: INFO: _internal: [33mPress CTRL+C to quit[0m]
[2025-01-17 01:10:30,188: INFO: _internal:  * Restarting with stat]
[2025-01-17 01:10:34,932: INFO: _client: HTTP Request: GET https://dagshub.com/api/v1/user "HTTP/1.1 200 OK"]
[2025-01-17 01:10:34,932: INFO: helpers: Accessing as Syam916]
[2025-01-17 01:10:35,304: INFO: _client: HTTP Request: GET https://dagshub.com/api/v1/repos/Syam916/mlops "HTTP/1.1 200 OK"]
[2025-01-17 01:10:35,638: INFO: _client: HTTP Request: GET https://dagshub.com/api/v1/user "HTTP/1.1 200 OK"]
[2025-01-17 01:10:35,638: INFO: helpers: Initialized MLflow to track repo "Syam916/mlops"]
[2025-01-17 01:10:35,638: INFO: helpers: Repository Syam916/mlops initialized!]
[2025-01-17 01:10:35,666: WARNING: _internal:  * Debugger is active!]
[2025-01-17 01:10:35,667: INFO: _internal:  * Debugger PIN: 936-134-793]
[2025-01-17 01:10:40,073: INFO: _internal: 127.0.0.1 - - [17/Jan/2025 01:10:40] "GET / HTTP/1.1" 200 -]
[2025-01-17 01:10:40,281: INFO: _internal: 127.0.0.1 - - [17/Jan/2025 01:10:40] "[33mGET /favicon.ico HTTP/1.1[0m" 404 -]
